#
# There is insufficient memory for the Java Runtime Environment to continue.
# Native memory allocation (malloc) failed to allocate 436976 bytes for Chunk::new
# Possible reasons:
#   The system is out of physical RAM or swap space
#   In 32 bit mode, the process size limit was hit
# Possible solutions:
#   Reduce memory load on the system
#   Increase physical memory or swap space
#   Check if swap backing store is full
#   Use 64 bit Java on a 64 bit OS
#   Decrease Java heap size (-Xmx/-Xms)
#   Decrease number of Java threads
#   Decrease Java thread stack sizes (-Xss)
#   Set larger code cache with -XX:ReservedCodeCacheSize=
# This output file may be truncated or incomplete.
#
#  Out of Memory Error (allocation.cpp:390), pid=3076, tid=12436
#
# JRE version: Java(TM) SE Runtime Environment (8.0_60-b27) (build 1.8.0_60-b27)
# Java VM: Java HotSpot(TM) 64-Bit Server VM (25.60-b23 mixed mode windows-amd64 compressed oops)
# Failed to write core dump. Minidumps are not enabled by default on client versions of Windows
#

---------------  T H R E A D  ---------------

Current thread (0x00000000167aa800):  JavaThread "C2 CompilerThread1" daemon [_thread_in_native, id=12436, stack(0x0000000016ef0000,0x0000000016ff0000)]

Stack: [0x0000000016ef0000,0x0000000016ff0000]
[error occurred during error reporting (printing stack bounds), id 0xc0000005]

Native frames: (J=compiled Java code, j=interpreted, Vv=VM code, C=native code)


Current CompileTask:
C2:   6445 3409       4       org.eclipse.aether.util.graph.transformer.ConflictResolver::gatherConflictItems (111 bytes)


---------------  P R O C E S S  ---------------

Java Threads: ( => current thread )
  0x0000000016853000 JavaThread "Service Thread" daemon [_thread_blocked, id=21088, stack(0x00000000171f0000,0x00000000172f0000)]
  0x00000000167d8000 JavaThread "C1 CompilerThread3" daemon [_thread_blocked, id=20044, stack(0x00000000170f0000,0x00000000171f0000)]
  0x00000000167bd800 JavaThread "C2 CompilerThread2" daemon [_thread_blocked, id=22420, stack(0x0000000016ff0000,0x00000000170f0000)]
=>0x00000000167aa800 JavaThread "C2 CompilerThread1" daemon [_thread_in_native, id=12436, stack(0x0000000016ef0000,0x0000000016ff0000)]
  0x00000000167a6000 JavaThread "C2 CompilerThread0" daemon [_thread_blocked, id=19796, stack(0x0000000016df0000,0x0000000016ef0000)]
  0x000000001679a000 JavaThread "Monitor Ctrl-Break" daemon [_thread_in_native, id=5656, stack(0x0000000016cf0000,0x0000000016df0000)]
  0x0000000016774000 JavaThread "Attach Listener" daemon [_thread_blocked, id=18864, stack(0x0000000016bf0000,0x0000000016cf0000)]
  0x0000000016773000 JavaThread "Signal Dispatcher" daemon [_thread_blocked, id=11752, stack(0x0000000016af0000,0x0000000016bf0000)]
  0x0000000002eba000 JavaThread "Finalizer" daemon [_thread_blocked, id=18212, stack(0x00000000165f0000,0x00000000166f0000)]
  0x0000000002eb3000 JavaThread "Reference Handler" daemon [_thread_blocked, id=21676, stack(0x00000000164f0000,0x00000000165f0000)]
  0x0000000002c4e800 JavaThread "main" [_thread_in_native, id=21220, stack(0x0000000002a60000,0x0000000002b60000)]

Other Threads:
  0x000000001472a000 VMThread [stack: 0x00000000163f0000,0x00000000164f0000] [id=7356]
  0x0000000016856000 WatcherThread [stack: 0x00000000172f0000,0x00000000173f0000] [id=1796]

VM state:not at safepoint (normal execution)

VM Mutex/Monitor currently owned by a thread: None

Heap:
 PSYoungGen      total 71680K, used 49935K [0x00000000f5580000, 0x00000000ff280000, 0x0000000100000000)
  eden space 66560K, 67% used [0x00000000f5580000,0x00000000f8149c58,0x00000000f9680000)
  from space 5120K, 99% used [0x00000000f9680000,0x00000000f9b7a020,0x00000000f9b80000)
  to   space 13824K, 0% used [0x00000000fe500000,0x00000000fe500000,0x00000000ff280000)
 ParOldGen       total 87552K, used 16001K [0x00000000e0000000, 0x00000000e5580000, 0x00000000f5580000)
  object space 87552K, 18% used [0x00000000e0000000,0x00000000e0fa0608,0x00000000e5580000)
 Metaspace       used 17528K, capacity 17928K, committed 18304K, reserved 1064960K
  class space    used 2017K, capacity 2089K, committed 2176K, reserved 1048576K

Card table byte_map: [0x0000000012280000,0x0000000012390000] byte_map_base: 0x0000000011b80000

Marking Bits: (ParMarkBitMap*) 0x000000005938a5b0
 Begin Bits: [0x0000000012c40000, 0x0000000013440000)
 End Bits:   [0x0000000013440000, 0x0000000013c40000)

Polling page: 0x00000000026c0000

CodeCache: size=245760Kb used=12698Kb max_used=12722Kb free=233062Kb
 bounds [0x0000000002ec0000, 0x0000000003b40000, 0x0000000011ec0000]
 total_blobs=3769 nmethods=3391 adapters=290
 compilation: enabled

Compilation events (10 events):
Event: 6.358 Thread 0x00000000167aa800 nmethod 3318 0x0000000003b23d10 code [0x0000000003b24220, 0x0000000003b2c890]
Event: 6.359 Thread 0x00000000167aa800 3409       4       org.eclipse.aether.util.graph.transformer.ConflictResolver::gatherConflictItems (111 bytes)
Event: 6.364 Thread 0x00000000167a6000 nmethod 3406 0x0000000003b12b90 code [0x0000000003b12d00, 0x0000000003b13108]
Event: 6.364 Thread 0x00000000167a6000 3408       4       java.lang.Integer::equals (29 bytes)
Event: 6.364 Thread 0x00000000167a6000 nmethod 3408 0x0000000003b22350 code [0x0000000003b22480, 0x0000000003b22518]
Event: 6.364 Thread 0x00000000167a6000 3411       4       java.util.IdentityHashMap::nextKeyIndex (15 bytes)
Event: 6.365 Thread 0x00000000167a6000 nmethod 3411 0x0000000003a66890 code [0x0000000003a669c0, 0x0000000003a66a18]
Event: 6.371 Thread 0x00000000167a6000 3417       4       java.util.regex.Pattern$BranchConn::match (11 bytes)
Event: 6.372 Thread 0x00000000167a6000 nmethod 3417 0x0000000003b22110 code [0x0000000003b22240, 0x0000000003b222b8]
Event: 6.392 Thread 0x00000000167bd800 nmethod 3378 0x0000000003b36790 code [0x0000000003b36a40, 0x0000000003b39f50]

GC Heap History (10 events):
Event: 1.581 GC heap before
{Heap before GC invocations=1 (full 0):
 PSYoungGen      total 38400K, used 33280K [0x00000000f5580000, 0x00000000f8000000, 0x0000000100000000)
  eden space 33280K, 100% used [0x00000000f5580000,0x00000000f7600000,0x00000000f7600000)
  from space 5120K, 0% used [0x00000000f7b00000,0x00000000f7b00000,0x00000000f8000000)
  to   space 5120K, 0% used [0x00000000f7600000,0x00000000f7600000,0x00000000f7b00000)
 ParOldGen       total 87552K, used 0K [0x00000000e0000000, 0x00000000e5580000, 0x00000000f5580000)
  object space 87552K, 0% used [0x00000000e0000000,0x00000000e0000000,0x00000000e5580000)
 Metaspace       used 8737K, capacity 8892K, committed 9088K, reserved 1056768K
  class space    used 1042K, capacity 1112K, committed 1152K, reserved 1048576K
Event: 1.588 GC heap after
Heap after GC invocations=1 (full 0):
 PSYoungGen      total 38400K, used 5101K [0x00000000f5580000, 0x00000000f8000000, 0x0000000100000000)
  eden space 33280K, 0% used [0x00000000f5580000,0x00000000f5580000,0x00000000f7600000)
  from space 5120K, 99% used [0x00000000f7600000,0x00000000f7afb768,0x00000000f7b00000)
  to   space 5120K, 0% used [0x00000000f7b00000,0x00000000f7b00000,0x00000000f8000000)
 ParOldGen       total 87552K, used 212K [0x00000000e0000000, 0x00000000e5580000, 0x00000000f5580000)
  object space 87552K, 0% used [0x00000000e0000000,0x00000000e00352a0,0x00000000e5580000)
 Metaspace       used 8737K, capacity 8892K, committed 9088K, reserved 1056768K
  class space    used 1042K, capacity 1112K, committed 1152K, reserved 1048576K
}
Event: 2.178 GC heap before
{Heap before GC invocations=2 (full 0):
 PSYoungGen      total 38400K, used 38381K [0x00000000f5580000, 0x00000000f8000000, 0x0000000100000000)
  eden space 33280K, 100% used [0x00000000f5580000,0x00000000f7600000,0x00000000f7600000)
  from space 5120K, 99% used [0x00000000f7600000,0x00000000f7afb768,0x00000000f7b00000)
  to   space 5120K, 0% used [0x00000000f7b00000,0x00000000f7b00000,0x00000000f8000000)
 ParOldGen       total 87552K, used 212K [0x00000000e0000000, 0x00000000e5580000, 0x00000000f5580000)
  object space 87552K, 0% used [0x00000000e0000000,0x00000000e00352a0,0x00000000e5580000)
 Metaspace       used 11370K, capacity 11630K, committed 11776K, reserved 1058816K
  class space    used 1374K, capacity 1446K, committed 1536K, reserved 1048576K
Event: 2.185 GC heap after
Heap after GC invocations=2 (full 0):
 PSYoungGen      total 38400K, used 5109K [0x00000000f5580000, 0x00000000f8000000, 0x0000000100000000)
  eden space 33280K, 0% used [0x00000000f5580000,0x00000000f5580000,0x00000000f7600000)
  from space 5120K, 99% used [0x00000000f7b00000,0x00000000f7ffd548,0x00000000f8000000)
  to   space 5120K, 0% used [0x00000000f7600000,0x00000000f7600000,0x00000000f7b00000)
 ParOldGen       total 87552K, used 1563K [0x00000000e0000000, 0x00000000e5580000, 0x00000000f5580000)
  object space 87552K, 1% used [0x00000000e0000000,0x00000000e0186d58,0x00000000e5580000)
 Metaspace       used 11370K, capacity 11630K, committed 11776K, reserved 1058816K
  class space    used 1374K, capacity 1446K, committed 1536K, reserved 1048576K
}
Event: 2.984 GC heap before
{Heap before GC invocations=3 (full 0):
 PSYoungGen      total 38400K, used 38389K [0x00000000f5580000, 0x00000000f8000000, 0x0000000100000000)
  eden space 33280K, 100% used [0x00000000f5580000,0x00000000f7600000,0x00000000f7600000)
  from space 5120K, 99% used [0x00000000f7b00000,0x00000000f7ffd548,0x00000000f8000000)
  to   space 5120K, 0% used [0x00000000f7600000,0x00000000f7600000,0x00000000f7b00000)
 ParOldGen       total 87552K, used 1563K [0x00000000e0000000, 0x00000000e5580000, 0x00000000f5580000)
  object space 87552K, 1% used [0x00000000e0000000,0x00000000e0186d58,0x00000000e5580000)
 Metaspace       used 15032K, capacity 15336K, committed 15616K, reserved 1062912K
  class space    used 1848K, capacity 1940K, committed 2048K, reserved 1048576K
Event: 2.997 GC heap after
Heap after GC invocations=3 (full 0):
 PSYoungGen      total 38400K, used 5102K [0x00000000f5580000, 0x00000000fa080000, 0x0000000100000000)
  eden space 33280K, 0% used [0x00000000f5580000,0x00000000f5580000,0x00000000f7600000)
  from space 5120K, 99% used [0x00000000f7600000,0x00000000f7afb900,0x00000000f7b00000)
  to   space 5120K, 0% used [0x00000000f9b80000,0x00000000f9b80000,0x00000000fa080000)
 ParOldGen       total 87552K, used 3751K [0x00000000e0000000, 0x00000000e5580000, 0x00000000f5580000)
  object space 87552K, 4% used [0x00000000e0000000,0x00000000e03a9eb0,0x00000000e5580000)
 Metaspace       used 15032K, capacity 15336K, committed 15616K, reserved 1062912K
  class space    used 1848K, capacity 1940K, committed 2048K, reserved 1048576K
}
Event: 3.918 GC heap before
{Heap before GC invocations=4 (full 0):
 PSYoungGen      total 38400K, used 38382K [0x00000000f5580000, 0x00000000fa080000, 0x0000000100000000)
  eden space 33280K, 100% used [0x00000000f5580000,0x00000000f7600000,0x00000000f7600000)
  from space 5120K, 99% used [0x00000000f7600000,0x00000000f7afb900,0x00000000f7b00000)
  to   space 5120K, 0% used [0x00000000f9b80000,0x00000000f9b80000,0x00000000fa080000)
 ParOldGen       total 87552K, used 3751K [0x00000000e0000000, 0x00000000e5580000, 0x00000000f5580000)
  object space 87552K, 4% used [0x00000000e0000000,0x00000000e03a9eb0,0x00000000e5580000)
 Metaspace       used 15854K, capacity 16174K, committed 16384K, reserved 1062912K
  class space    used 1895K, capacity 1980K, committed 2048K, reserved 1048576K
Event: 3.932 GC heap after
Heap after GC invocations=4 (full 0):
 PSYoungGen      total 71680K, used 5096K [0x00000000f5580000, 0x00000000fa080000, 0x0000000100000000)
  eden space 66560K, 0% used [0x00000000f5580000,0x00000000f5580000,0x00000000f9680000)
  from space 5120K, 99% used [0x00000000f9b80000,0x00000000fa07a020,0x00000000fa080000)
  to   space 5120K, 0% used [0x00000000f9680000,0x00000000f9680000,0x00000000f9b80000)
 ParOldGen       total 87552K, used 8100K [0x00000000e0000000, 0x00000000e5580000, 0x00000000f5580000)
  object space 87552K, 9% used [0x00000000e0000000,0x00000000e07e9288,0x00000000e5580000)
 Metaspace       used 15854K, capacity 16174K, committed 16384K, reserved 1062912K
  class space    used 1895K, capacity 1980K, committed 2048K, reserved 1048576K
}
Event: 5.191 GC heap before
{Heap before GC invocations=5 (full 0):
 PSYoungGen      total 71680K, used 71656K [0x00000000f5580000, 0x00000000fa080000, 0x0000000100000000)
  eden space 66560K, 100% used [0x00000000f5580000,0x00000000f9680000,0x00000000f9680000)
  from space 5120K, 99% used [0x00000000f9b80000,0x00000000fa07a020,0x00000000fa080000)
  to   space 5120K, 0% used [0x00000000f9680000,0x00000000f9680000,0x00000000f9b80000)
 ParOldGen       total 87552K, used 8100K [0x00000000e0000000, 0x00000000e5580000, 0x00000000f5580000)
  object space 87552K, 9% used [0x00000000e0000000,0x00000000e07e9288,0x00000000e5580000)
 Metaspace       used 17256K, capacity 17642K, committed 17792K, reserved 1064960K
  class space    used 2013K, capacity 2084K, committed 2176K, reserved 1048576K
Event: 5.212 GC heap after
Heap after GC invocations=5 (full 0):
 PSYoungGen      total 71680K, used 5096K [0x00000000f5580000, 0x00000000ff280000, 0x0000000100000000)
  eden space 66560K, 0% used [0x00000000f5580000,0x00000000f5580000,0x00000000f9680000)
  from space 5120K, 99% used [0x00000000f9680000,0x00000000f9b7a020,0x00000000f9b80000)
  to   space 13824K, 0% used [0x00000000fe500000,0x00000000fe500000,0x00000000ff280000)
 ParOldGen       total 87552K, used 16001K [0x00000000e0000000, 0x00000000e5580000, 0x00000000f5580000)
  object space 87552K, 18% used [0x00000000e0000000,0x00000000e0fa0608,0x00000000e5580000)
 Metaspace       used 17256K, capacity 17642K, committed 17792K, reserved 1064960K
  class space    used 2013K, capacity 2084K, committed 2176K, reserved 1048576K
}

Deoptimization events (10 events):
Event: 5.901 Thread 0x0000000002c4e800 Uncommon trap: reason=speculate_class_check action=maybe_recompile pc=0x000000000399d7cc method=java.nio.charset.CharsetDecoder.reset()Ljava/nio/charset/CharsetDecoder; @ 1
Event: 5.919 Thread 0x0000000002c4e800 Uncommon trap: reason=speculate_class_check action=maybe_recompile pc=0x000000000399d7cc method=java.nio.charset.CharsetDecoder.reset()Ljava/nio/charset/CharsetDecoder; @ 1
Event: 6.267 Thread 0x0000000002c4e800 Uncommon trap: reason=unstable_if action=reinterpret pc=0x00000000039e071c method=org.apache.maven.model.inheritance.DefaultInheritanceAssembler$InheritanceModelMerger.mergePlugin(Lorg/apache/maven/model/Plugin;Lorg/apache/maven/model/Plugin;ZLjava/util/Ma—.ïmñ@
Event: 6.267 Thread 0x0000000002c4e800 Uncommon trap: reason=unstable_if action=reinterpret pc=0x00000000039a3c08 method=org.apache.maven.model.merge.MavenModelMerger.mergePlugin_Executions(Lorg/apache/maven/model/Plugin;Lorg/apache/maven/model/Plugin;ZLjava/util/Map;)V @ 106
Event: 6.332 Thread 0x0000000002c4e800 Uncommon trap: reason=class_check action=maybe_recompile pc=0x00000000036d16c4 method=org.apache.maven.model.merge.ModelMerger$DependencyKeyComputer.key(Lorg/apache/maven/model/Dependency;)Ljava/lang/Object; @ 5
Event: 6.332 Thread 0x0000000002c4e800 Uncommon trap: reason=class_check action=maybe_recompile pc=0x00000000036d16c4 method=org.apache.maven.model.merge.ModelMerger$DependencyKeyComputer.key(Lorg/apache/maven/model/Dependency;)Ljava/lang/Object; @ 5
Event: 6.332 Thread 0x0000000002c4e800 Uncommon trap: reason=class_check action=maybe_recompile pc=0x00000000036d16c4 method=org.apache.maven.model.merge.ModelMerger$DependencyKeyComputer.key(Lorg/apache/maven/model/Dependency;)Ljava/lang/Object; @ 5
Event: 6.332 Thread 0x0000000002c4e800 Uncommon trap: reason=class_check action=maybe_recompile pc=0x00000000036d16c4 method=org.apache.maven.model.merge.ModelMerger$DependencyKeyComputer.key(Lorg/apache/maven/model/Dependency;)Ljava/lang/Object; @ 5
Event: 6.345 Thread 0x0000000002c4e800 Uncommon trap: reason=unstable_if action=reinterpret pc=0x00000000032a0a7c method=java.util.HashMap.hash(Ljava/lang/Object;)I @ 1
Event: 6.345 Thread 0x0000000002c4e800 Uncommon trap: reason=unstable_if action=reinterpret pc=0x0000000003291338 method=java.util.HashMap.getNode(ILjava/lang/Object;)Ljava/util/HashMap$Node; @ 53

Internal exceptions (10 events):
Event: 2.679 Thread 0x0000000002c4e800 Exception <a 'java/lang/NoClassDefFoundError': javax/annotation/Priority> (0x00000000f6a600a8) thrown at [C:\re\workspace\8-2-build-windows-amd64-cygwin\jdk8u60\4407\hotspot\src\share\vm\classfile\systemDictionary.cpp, line 199]
Event: 2.784 Thread 0x0000000002c4e800 Implicit null exception at 0x0000000003075ad8 to 0x0000000003075ca9
Event: 2.935 Thread 0x0000000002c4e800 Implicit null exception at 0x00000000030db156 to 0x00000000030db48d
Event: 2.935 Thread 0x0000000002c4e800 Implicit null exception at 0x00000000030a9956 to 0x00000000030a9c7d
Event: 3.401 Thread 0x0000000002c4e800 Implicit null exception at 0x000000000354d8d3 to 0x000000000354eca9
Event: 4.525 Thread 0x0000000002c4e800 Implicit null exception at 0x000000000365ee08 to 0x000000000365f345
Event: 4.527 Thread 0x0000000002c4e800 Implicit null exception at 0x000000000380805f to 0x00000000038096f5
Event: 4.675 Thread 0x0000000002c4e800 Implicit null exception at 0x00000000038503b7 to 0x0000000003850601
Event: 4.951 Thread 0x0000000002c4e800 Implicit null exception at 0x00000000037225fd to 0x0000000003722a25
Event: 6.345 Thread 0x0000000002c4e800 Implicit null exception at 0x00000000032a0895 to 0x00000000032a0a6d

Events (10 events):
Event: 6.332 Thread 0x0000000002c4e800 DEOPT UNPACKING pc=0x0000000002f0582a sp=0x0000000002b5cc90 mode 2
Event: 6.332 Thread 0x0000000002c4e800 Uncommon trap: trap_request=0xffffffde fr.pc=0x00000000036d16c4
Event: 6.332 Thread 0x0000000002c4e800 DEOPT PACKING pc=0x00000000036d16c4 sp=0x0000000002b5ccf0
Event: 6.332 Thread 0x0000000002c4e800 DEOPT UNPACKING pc=0x0000000002f0582a sp=0x0000000002b5cc90 mode 2
Event: 6.345 Thread 0x0000000002c4e800 Uncommon trap: trap_request=0xffffff65 fr.pc=0x00000000032a0a7c
Event: 6.345 Thread 0x0000000002c4e800 DEOPT PACKING pc=0x00000000032a0a7c sp=0x0000000002b5db70
Event: 6.345 Thread 0x0000000002c4e800 DEOPT UNPACKING pc=0x0000000002f0582a sp=0x0000000002b5daa8 mode 2
Event: 6.345 Thread 0x0000000002c4e800 Uncommon trap: trap_request=0xffffff65 fr.pc=0x0000000003291338
Event: 6.345 Thread 0x0000000002c4e800 DEOPT PACKING pc=0x0000000003291338 sp=0x0000000002b5dae0
Event: 6.345 Thread 0x0000000002c4e800 DEOPT UNPACKING pc=0x0000000002f0582a sp=0x0000000002b5da70 mode 2


Dynamic libraries:
0x00007ff794f30000 - 0x00007ff794f67000 	C:\Program Files\Java\jdk1.8.0_60\bin\java.exe
0x00007ffc6f410000 - 0x00007ffc6f605000 	C:\WINDOWS\SYSTEM32\ntdll.dll
0x00007ffc6e390000 - 0x00007ffc6e44e000 	C:\WINDOWS\System32\KERNEL32.DLL
0x00007ffc6d1a0000 - 0x00007ffc6d468000 	C:\WINDOWS\System32\KERNELBASE.dll
0x00007ffc6f0a0000 - 0x00007ffc6f14e000 	C:\WINDOWS\System32\ADVAPI32.dll
0x00007ffc6f1f0000 - 0x00007ffc6f28e000 	C:\WINDOWS\System32\msvcrt.dll
0x00007ffc6f150000 - 0x00007ffc6f1ec000 	C:\WINDOWS\System32\sechost.dll
0x00007ffc6e580000 - 0x00007ffc6e6a5000 	C:\WINDOWS\System32\RPCRT4.dll
0x00007ffc6d480000 - 0x00007ffc6d620000 	C:\WINDOWS\System32\USER32.dll
0x00007ffc6cd40000 - 0x00007ffc6cd62000 	C:\WINDOWS\System32\win32u.dll
0x00007ffc6f340000 - 0x00007ffc6f36b000 	C:\WINDOWS\System32\GDI32.dll
0x00007ffc6cd70000 - 0x00007ffc6ce7b000 	C:\WINDOWS\System32\gdi32full.dll
0x00007ffc6cb30000 - 0x00007ffc6cbcd000 	C:\WINDOWS\System32\msvcp_win.dll
0x00007ffc6cc40000 - 0x00007ffc6cd40000 	C:\WINDOWS\System32\ucrtbase.dll
0x00007ffc572d0000 - 0x00007ffc5756a000 	C:\WINDOWS\WinSxS\amd64_microsoft.windows.common-controls_6595b64144ccf1df_6.0.19041.1110_none_60b5254171f9507e\COMCTL32.dll
0x00007ffc6f070000 - 0x00007ffc6f0a0000 	C:\WINDOWS\System32\IMM32.DLL
0x0000000059410000 - 0x00000000594e2000 	C:\Program Files\Java\jdk1.8.0_60\jre\bin\msvcr100.dll
0x0000000058b80000 - 0x0000000059409000 	C:\Program Files\Java\jdk1.8.0_60\jre\bin\server\jvm.dll
0x00007ffc6e290000 - 0x00007ffc6e298000 	C:\WINDOWS\System32\PSAPI.DLL
0x00007ffc6a070000 - 0x00007ffc6a079000 	C:\WINDOWS\SYSTEM32\WSOCK32.dll
0x00007ffc4b250000 - 0x00007ffc4b277000 	C:\WINDOWS\SYSTEM32\WINMM.dll
0x00007ffc62b60000 - 0x00007ffc62b6a000 	C:\WINDOWS\SYSTEM32\VERSION.dll
0x00007ffc6e6c0000 - 0x00007ffc6e72b000 	C:\WINDOWS\System32\WS2_32.dll
0x0000000058b70000 - 0x0000000058b7f000 	C:\Program Files\Java\jdk1.8.0_60\jre\bin\verify.dll
0x0000000058b40000 - 0x0000000058b69000 	C:\Program Files\Java\jdk1.8.0_60\jre\bin\java.dll
0x0000000058a60000 - 0x0000000058a83000 	C:\Program Files\Java\jdk1.8.0_60\jre\bin\instrument.dll
0x0000000058b20000 - 0x0000000058b36000 	C:\Program Files\Java\jdk1.8.0_60\jre\bin\zip.dll
0x00007ffc6e920000 - 0x00007ffc6f064000 	C:\WINDOWS\System32\SHELL32.dll
0x00007ffc6ac40000 - 0x00007ffc6b3d4000 	C:\WINDOWS\SYSTEM32\windows.storage.dll
0x00007ffc6d7d0000 - 0x00007ffc6db24000 	C:\WINDOWS\System32\combase.dll
0x00007ffc6c520000 - 0x00007ffc6c54c000 	C:\WINDOWS\SYSTEM32\Wldp.dll
0x00007ffc6f290000 - 0x00007ffc6f33d000 	C:\WINDOWS\System32\SHCORE.dll
0x00007ffc6e860000 - 0x00007ffc6e8b5000 	C:\WINDOWS\System32\shlwapi.dll
0x00007ffc6ca70000 - 0x00007ffc6ca8f000 	C:\WINDOWS\SYSTEM32\profapi.dll
0x00007ffc4d9e0000 - 0x00007ffc4d9fa000 	C:\Program Files\JetBrains\IntelliJ IDEA 2021.2.1\bin\breakgen64.dll
0x0000000058b00000 - 0x0000000058b1a000 	C:\Program Files\Java\jdk1.8.0_60\jre\bin\net.dll
0x00007ffc6c220000 - 0x00007ffc6c28a000 	C:\WINDOWS\system32\mswsock.dll
0x00007ffc6c470000 - 0x00007ffc6c488000 	C:\WINDOWS\SYSTEM32\CRYPTSP.dll
0x00007ffc6bba0000 - 0x00007ffc6bbd4000 	C:\WINDOWS\system32\rsaenh.dll
0x00007ffc6cf60000 - 0x00007ffc6cf87000 	C:\WINDOWS\System32\bcrypt.dll
0x00007ffc6ca30000 - 0x00007ffc6ca5e000 	C:\WINDOWS\SYSTEM32\USERENV.dll
0x00007ffc6ced0000 - 0x00007ffc6cf52000 	C:\WINDOWS\System32\bcryptprimitives.dll
0x00007ffc6c490000 - 0x00007ffc6c49c000 	C:\WINDOWS\SYSTEM32\CRYPTBASE.dll
0x00007ffc6bf10000 - 0x00007ffc6bf4b000 	C:\WINDOWS\SYSTEM32\IPHLPAPI.DLL
0x00007ffc6d470000 - 0x00007ffc6d478000 	C:\WINDOWS\System32\NSI.dll
0x00007ffc606e0000 - 0x00007ffc606f7000 	C:\WINDOWS\SYSTEM32\dhcpcsvc6.DLL
0x00007ffc62ac0000 - 0x00007ffc62add000 	C:\WINDOWS\SYSTEM32\dhcpcsvc.DLL
0x00007ffc6bf50000 - 0x00007ffc6c01a000 	C:\WINDOWS\SYSTEM32\DNSAPI.dll
0x0000000058ae0000 - 0x0000000058af1000 	C:\Program Files\Java\jdk1.8.0_60\jre\bin\nio.dll
0x00007ffc66260000 - 0x00007ffc6626a000 	C:\Users\zzh\AppData\Local\Temp\jansi-1.17.1-6580534367740826284.dll
0x00007ffc57580000 - 0x00007ffc5758a000 	C:\Users\zzh\AppData\Local\Temp\jansi-1.17.1-2263776273889350402.dll

VM Arguments:
jvm_args: -Dmaven.multiModuleProjectDirectory=D:\zm\jeecg-boot -Xms128m -Xmx512m -Dmaven.home=C:\Program Files\JetBrains\IntelliJ IDEA 2021.2.1\plugins\maven\lib\maven3 -Dclassworlds.conf=C:\Program Files\JetBrains\IntelliJ IDEA 2021.2.1\plugins\maven\lib\maven3\bin\m2.conf -Dmaven.ext.class.path=C:\Program Files\JetBrains\IntelliJ IDEA 2021.2.1\plugins\maven\lib\maven-event-listener.jar -javaagent:C:\Program Files\JetBrains\IntelliJ IDEA 2021.2.1\lib\idea_rt.jar=62721:C:\Program Files\JetBrains\IntelliJ IDEA 2021.2.1\bin -Dfile.encoding=UTF-8 
java_command: org.codehaus.classworlds.Launcher -Didea.version=2021.2.1 install -P prod
java_class_path (initial): C:\Program Files\JetBrains\IntelliJ IDEA 2021.2.1\plugins\maven\lib\maven3\boot\plexus-classworlds-2.6.0.jar;C:\Program Files\JetBrains\IntelliJ IDEA 2021.2.1\plugins\maven\lib\maven3\boot\plexus-classworlds.license;C:\Program Files\JetBrains\IntelliJ IDEA 2021.2.1\lib\idea_rt.jar
Launcher Type: SUN_STANDARD

Environment Variables:
JAVA_HOME=C:\Program Files\Java\jdk1.8.0_60
PATH=C:\ProgramData\Oracle\Java\javapath;C:\WINDOWS\system32;C:\WINDOWS;C:\WINDOWS\System32\Wbem;C:\WINDOWS\System32\WindowsPowerShell\v1.0\;C:\WINDOWS\System32\OpenSSH\;E:\apache-maven-3.8.2\bin;C:\Program Files\nodejs\;C:\Program Files\dotnet\;C:\Program Files (x86)\Calibre2\;C:\Program Files\Git\cmd;C:\Program Files\Java\jdk1.8.0_60\bin;C:\Users\zzh\AppData\Local\Microsoft\WindowsApps;;C:\Program Files\JetBrains\WebStorm 2021.1\bin;;C:\Program Files\JetBrains\IntelliJ IDEA 2021.2.1\bin;;C:\Users\zzh\AppData\Roaming\npm
USERNAME=zzh
OS=Windows_NT
PROCESSOR_IDENTIFIER=Intel64 Family 6 Model 142 Stepping 10, GenuineIntel



---------------  S Y S T E M  ---------------

OS: Windows 10.0 , 64 bit Build 19041 (10.0.19041.1566)

CPU:total 8 (4 cores per cpu, 2 threads per core) family 6 model 142 stepping 10, cmov, cx8, fxsr, mmx, sse, sse2, sse3, ssse3, sse4.1, sse4.2, popcnt, avx, avx2, aes, clmul, erms, 3dnowpref, lzcnt, ht, tsc, tscinvbit, bmi1, bmi2, adx

Memory: 4k page, physical 8303604k(424920k free), swap 19789068k(5404k free)

vm_info: Java HotSpot(TM) 64-Bit Server VM (25.60-b23) for windows-amd64 JRE (1.8.0_60-b27), built on Aug  4 2015 11:06:27 by "java_re" with MS VC++ 10.0 (VS2010)

time: Wed Mar 16 20:37:05 2022
elapsed time: 6 seconds (0d 0h 0m 6s)

